<?xml version="1.0" encoding="UTF-8"?>
<!-- Generated by org.testng.reporters.JUnitReportReporter -->
<testsuite hostname="DESKTOP-4FGC3A7" failures="0" tests="2" name="launching.MultiBrowser" time="24.071" errors="0" timestamp="2023-05-03T18:47:15 IST" skipped="0">
  <testcase classname="launching.MultiBrowser" name="preformtonext" time="6.259"/>
  <system-out/>
  <testcase classname="launching.MultiBrowser" name="preform" time="17.812"/>
  <system-out/>
</testsuite> <!-- launching.MultiBrowser -->
