<?xml version="1.0" encoding="UTF-8"?>
<!-- Generated by org.testng.reporters.JUnitReportReporter -->
<testsuite hostname="DESKTOP-4FGC3A7" failures="0" tests="1" name="testscripts.Test_User_Role" time="2.802" errors="0" timestamp="2023-05-16T11:49:10 IST" skipped="0">
  <testcase classname="testscripts.Test_User_Role" name="fillDetails" time="2.802"/>
  <system-out/>
</testsuite> <!-- testscripts.Test_User_Role -->
