<?xml version="1.0" encoding="UTF-8"?>
<!-- Generated by org.testng.reporters.JUnitReportReporter -->
<testsuite hostname="DESKTOP-4FGC3A7" failures="0" tests="1" name="testscripts.Test_Pending_leave_Request" time="3.032" errors="0" timestamp="2023-05-16T11:49:10 IST" skipped="0">
  <testcase classname="testscripts.Test_Pending_leave_Request" name="pendingThing" time="3.032"/>
  <system-out/>
</testsuite> <!-- testscripts.Test_Pending_leave_Request -->
